
Compra realizada el dia: 20/11/2020 20:51:30
Detalles de la compra:
Marca: Philips
Modelo: ModeloTV1
Precio: 30000
Tipo: LedTv
Pulgadas: 55
----------------------------------
Compra realizada el dia: 20/11/2020 20:51:30
Detalles de la compra:
Marca: Oster
Modelo: ModeloCafetera1
Precio: 19000
Tipo: Comun
----------------------------------
Compra realizada el dia: 20/11/2020 20:51:30
Detalles de la compra:
Marca: Philips
Modelo: ModeloTV2
Precio: 70000
Tipo: SmartTv
Pulgadas: 70
----------------------------------
Compra realizada el dia: 20/11/2020 20:51:31
Detalles de la compra:
Marca: Oster
Modelo: ModeloCafetera1
Precio: 22113
Tipo: Comun
----------------------------------
Compra realizada el dia: 22/11/2020 12:57:48
Detalles de la compra:
Marca: Philips
Modelo: ModeloTV1
Precio: 30000
Tipo: LedTv
Pulgadas: 55
----------------------------------
Compra realizada el dia: 22/11/2020 12:57:48
Detalles de la compra:
Marca: Oster
Modelo: ModeloCafetera1
Precio: 19000
Tipo: Comun
----------------------------------
Compra realizada el dia: 22/11/2020 12:57:48
Detalles de la compra:
Marca: Philips
Modelo: ModeloTV2
Precio: 70000
Tipo: SmartTv
Pulgadas: 70
----------------------------------
Compra realizada el dia: 22/11/2020 12:57:48
Detalles de la compra:
Marca: Oster
Modelo: ModeloCafetera1
Precio: 22113
Tipo: Comun
----------------------------------
Compra realizada el dia: 22/11/2020 16:35:58
Detalles de la compra:
Marca: Philips
Modelo: ModeloTV1
Precio: 30000
Tipo: LedTv
Pulgadas: 55
----------------------------------
Compra realizada el dia: 22/11/2020 16:35:58
Detalles de la compra:
Marca: Oster
Modelo: ModeloCafetera1
Precio: 19000
Tipo: Comun
----------------------------------
Compra realizada el dia: 22/11/2020 16:35:58
Detalles de la compra:
Marca: Philips
Modelo: ModeloTV2
Precio: 70000
Tipo: SmartTv
Pulgadas: 70
----------------------------------
Compra realizada el dia: 22/11/2020 16:35:58
Detalles de la compra:
Marca: Oster
Modelo: ModeloCafetera1
Precio: 22113
Tipo: Comun
----------------------------------
